2025-12-09 08:33:09,942 - INFO - ==================================================
2025-12-09 08:33:09,942 - INFO - Iniciando aplicación. Config path: C:\Users\Admin\Trabajo\dist\config.ini
2025-12-09 08:33:12,142 - WARNING - No se encontró config.ini en: C:\Users\Admin\Trabajo\dist\config.ini. Usando SQLite.
2025-12-09 08:33:12,888 - INFO - No se encontró usuario 'admin'. Creando usuario por defecto.
2025-12-09 08:33:13,138 - INFO - No se encontró usuario 'psico1'. Creando usuario por defecto.
2025-12-09 08:33:13,384 - INFO - No se encontró usuario 'steve'. Creando usuario por defecto.
2025-12-09 08:33:13,709 - INFO - Icono de la aplicación cargado correctamente.
2025-12-09 08:33:13,709 - INFO - Creando respaldo automático de la base de datos...
2025-12-09 08:33:13,713 - INFO - ✅ Respaldo automático creado: clinic_auto_backup_20251209_083313.db (0.04 MB)
2025-12-09 08:33:15,481 - INFO - generated new fontManager
2025-12-09 08:33:16,106 - INFO - Mostrando ventana de login.
2025-12-09 08:35:55,346 - INFO - ==================================================
2025-12-09 08:35:55,346 - INFO - Iniciando aplicación. Config path: C:\Users\Admin\Trabajo\dist\config.ini
2025-12-09 08:35:56,649 - INFO - Configurando conexión MSSQL a 192.168.0.15,1433 (DB: clinic_db)
2025-12-09 08:35:56,649 - INFO - Intentando crear engine SQL Server (MSSQL)...
2025-12-09 08:35:56,928 - INFO - Engine MSSQL creado correctamente.
2025-12-09 08:35:57,410 - INFO - Icono de la aplicación cargado correctamente.
2025-12-09 08:35:57,410 - INFO - Creando respaldo automático de la base de datos...
2025-12-09 08:35:57,410 - INFO - No se encontró base de datos para respaldar. Se creará una nueva.
2025-12-09 08:35:57,949 - INFO - generated new fontManager
2025-12-09 08:35:58,268 - INFO - Mostrando ventana de login.
2025-12-09 08:36:07,242 - INFO - Inicio de sesión exitoso para el usuario 'admin' con rol 'ADMIN' desde el equipo 'DESKTOP-GVBVF8K'.
2025-12-09 08:36:07,242 - INFO - El rol 'ADMIN' permite el envío de notificaciones. Iniciando tarea.
2025-12-09 08:36:07,249 - INFO - Proceso de envío de recordatorios de citas finalizado.
2025-12-09 08:36:07,249 - INFO - Configurando UI para rol: UserRole.ADMIN
2025-12-09 08:36:07,252 - INFO - Agregando panel de Pacientes y Citas
2025-12-09 08:36:07,299 - INFO - Agregando panel de Gestión de Usuarios
2025-12-09 08:36:07,309 - INFO - Agregando panel de Reportes Financieros
2025-12-09 08:36:07,455 - INFO - Agregando panel de Mi Perfil
2025-12-09 08:36:07,472 - INFO - Total de pestañas agregadas: 4
